{"ts": "2026-03-17T04:53:36Z", "level": "INFO", "module": "__init__", "msg": "Database synchronized and seeded.", "taskName": null}
{"ts": "2026-03-17T04:53:36Z", "level": "INFO", "module": "__init__", "msg": "Quishing Guard system fully initialized.", "taskName": null}
{"ts": "2026-03-17T04:53:36Z", "level": "INFO", "module": "run", "msg": "\ud83c\udf31 Seeding database with built-in reputation lists...", "taskName": null}
{"ts": "2026-03-17T04:53:36Z", "level": "INFO", "module": "run", "msg": "\u2705 Database seeded successfully.", "taskName": null}
{"ts": "2026-03-17T04:53:36Z", "level": "WARNING", "module": "run", "msg": "\u274c SECURITY ALERT: ADMIN_PASSWORD is set to default!", "taskName": null}
{"ts": "2026-03-17T04:53:36Z", "level": "WARNING", "module": "run", "msg": "Please set a secure ADMIN_PASSWORD in your Render environment variables.", "taskName": null}
{"ts": "2026-03-17T04:53:36Z", "level": "INFO", "module": "run", "msg": "\ud83d\ude80 Starting Quishing Guard API v2 on port 5000", "taskName": null}
{"ts": "2026-03-17T04:53:36Z", "level": "INFO", "module": "run", "msg": "\ud83d\udee0\ufe0f Debug mode: False", "taskName": null}
{"ts": "2026-03-17T04:55:25Z", "level": "INFO", "module": "__init__", "msg": "Inbound: POST /api/v1/analyse from 127.0.0.1", "taskName": null}
{"ts": "2026-03-19T00:36:16Z", "level": "INFO", "module": "__init__", "msg": "Database ready", "taskName": null}
{"ts": "2026-03-19T00:36:16Z", "level": "INFO", "module": "__init__", "msg": "Quishing Guard app created", "taskName": null}
{"ts": "2026-03-19T00:36:16Z", "level": "INFO", "module": "run", "msg": "\ud83c\udf31 Seeding database with built-in reputation lists...", "taskName": null}
{"ts": "2026-03-19T00:36:16Z", "level": "INFO", "module": "run", "msg": "\u2705 Database seeded successfully.", "taskName": null}
{"ts": "2026-03-19T00:36:16Z", "level": "WARNING", "module": "run", "msg": "\u274c SECURITY ALERT: ADMIN_PASSWORD is set to default!", "taskName": null}
{"ts": "2026-03-19T00:36:16Z", "level": "WARNING", "module": "run", "msg": "Please set a secure ADMIN_PASSWORD in your Render environment variables.", "taskName": null}
{"ts": "2026-03-19T00:36:16Z", "level": "INFO", "module": "run", "msg": "\ud83d\ude80 Starting Quishing Guard API v2 on port 5000", "taskName": null}
{"ts": "2026-03-19T00:36:16Z", "level": "INFO", "module": "run", "msg": "\ud83d\udee0\ufe0f Debug mode: False", "taskName": null}
{"ts": "2026-03-19T01:48:48Z", "level": "INFO", "module": "__init__", "msg": "Database ready", "taskName": null}
{"ts": "2026-03-19T01:48:48Z", "level": "INFO", "module": "__init__", "msg": "Quishing Guard app created", "taskName": null}
{"ts": "2026-03-19T01:49:36Z", "level": "INFO", "module": "auth", "msg": "Admin login successful", "taskName": null, "ip": "127.0.0.1"}
{"ts": "2026-03-19T01:53:18Z", "level": "INFO", "module": "auth", "msg": "Admin login successful", "taskName": null, "ip": "127.0.0.1"}
{"ts": "2026-03-19T01:54:35Z", "level": "INFO", "module": "__init__", "msg": "Database ready", "taskName": null}
{"ts": "2026-03-19T01:54:35Z", "level": "INFO", "module": "__init__", "msg": "Quishing Guard app created", "taskName": null}
{"ts": "2026-03-19T01:54:37Z", "level": "INFO", "module": "__init__", "msg": "Database ready", "taskName": null}
{"ts": "2026-03-19T01:54:37Z", "level": "INFO", "module": "__init__", "msg": "Quishing Guard app created", "taskName": null}
{"ts": "2026-03-19T01:54:44Z", "level": "INFO", "module": "auth", "msg": "Admin login successful", "taskName": null, "ip": "127.0.0.1"}
{"ts": "2026-03-19T02:25:11Z", "level": "INFO", "module": "__init__", "msg": "Database ready", "taskName": null}
{"ts": "2026-03-19T02:25:11Z", "level": "INFO", "module": "__init__", "msg": "Quishing Guard app created", "taskName": null}
{"ts": "2026-03-19T02:25:29Z", "level": "INFO", "module": "auth", "msg": "Admin login successful", "taskName": null, "ip": "127.0.0.1"}
{"ts": "2026-03-19T02:45:02Z", "level": "INFO", "module": "__init__", "msg": "Database ready", "taskName": null}
{"ts": "2026-03-19T02:45:02Z", "level": "INFO", "module": "__init__", "msg": "Quishing Guard app created", "taskName": null}
{"ts": "2026-03-19T02:45:19Z", "level": "INFO", "module": "auth", "msg": "Admin login successful", "taskName": null, "ip": "127.0.0.1"}
{"ts": "2026-03-19T05:50:30Z", "level": "INFO", "module": "__init__", "msg": "Database ready", "taskName": null}
{"ts": "2026-03-19T05:50:30Z", "level": "INFO", "module": "__init__", "msg": "Quishing Guard app created", "taskName": null}
{"ts": "2026-03-19T05:50:30Z", "level": "INFO", "module": "run", "msg": "\ud83c\udf31 Seeding database with built-in reputation lists...", "taskName": null}
{"ts": "2026-03-19T05:50:30Z", "level": "INFO", "module": "run", "msg": "\u2705 Database seeded successfully.", "taskName": null}
{"ts": "2026-03-19T05:50:30Z", "level": "WARNING", "module": "run", "msg": "\u274c SECURITY ALERT: ADMIN_PASSWORD is set to default!", "taskName": null}
{"ts": "2026-03-19T05:50:30Z", "level": "WARNING", "module": "run", "msg": "Please set a secure ADMIN_PASSWORD in your Render environment variables.", "taskName": null}
{"ts": "2026-03-19T05:50:30Z", "level": "INFO", "module": "run", "msg": "\ud83d\ude80 Starting Quishing Guard API v2 on port 5000", "taskName": null}
{"ts": "2026-03-19T05:50:30Z", "level": "INFO", "module": "run", "msg": "\ud83d\udee0\ufe0f Debug mode: False", "taskName": null}
{"ts": "2026-04-08T13:06:26Z", "level": "INFO", "module": "__init__", "msg": "Quishing Guard app created", "taskName": null}
{"ts": "2026-04-08T13:06:26Z", "level": "INFO", "module": "run", "msg": "\ud83d\udee0\ufe0f Checking database tables...", "taskName": null}
{"ts": "2026-04-08T13:06:26Z", "level": "INFO", "module": "run", "msg": "\ud83c\udf31 Seeding database with built-in reputation lists...", "taskName": null}
{"ts": "2026-04-08T13:06:26Z", "level": "INFO", "module": "run", "msg": "\u2705 Database seeded successfully.", "taskName": null}
{"ts": "2026-04-08T13:06:26Z", "level": "WARNING", "module": "run", "msg": "\u274c SECURITY ALERT: ADMIN_PASSWORD is set to default!", "taskName": null}
{"ts": "2026-04-08T13:06:26Z", "level": "WARNING", "module": "run", "msg": "Please set a secure ADMIN_PASSWORD in your Render environment variables.", "taskName": null}
{"ts": "2026-04-08T13:06:26Z", "level": "INFO", "module": "run", "msg": "\ud83d\ude80 Starting Quishing Guard API v2 locally on port 5000", "taskName": null}
{"ts": "2026-04-08T13:06:26Z", "level": "INFO", "module": "run", "msg": "\ud83d\udee0\ufe0f Debug mode: False", "taskName": null}
{"ts": "2026-04-08T13:58:15Z", "level": "INFO", "module": "__init__", "msg": "Quishing Guard app created", "taskName": null}
{"ts": "2026-04-08T14:19:09Z", "level": "INFO", "module": "__init__", "msg": "Quishing Guard app created", "taskName": null}
{"ts": "2026-04-08T14:25:56Z", "level": "INFO", "module": "__init__", "msg": "Quishing Guard app created", "taskName": null}
{"ts": "2026-04-08T15:54:34Z", "level": "INFO", "module": "__init__", "msg": "Quishing Guard app created", "taskName": null}
{"ts": "2026-04-08T15:54:34Z", "level": "INFO", "module": "run", "msg": "\ud83d\udee0\ufe0f Checking database tables...", "taskName": null}
{"ts": "2026-04-08T15:54:34Z", "level": "INFO", "module": "run", "msg": "\ud83c\udf31 Seeding database with built-in reputation lists...", "taskName": null}
{"ts": "2026-04-08T15:54:34Z", "level": "INFO", "module": "run", "msg": "\u2705 Database seeded successfully.", "taskName": null}
{"ts": "2026-04-08T15:54:34Z", "level": "WARNING", "module": "run", "msg": "\u274c SECURITY ALERT: ADMIN_PASSWORD is set to default!", "taskName": null}
{"ts": "2026-04-08T15:54:34Z", "level": "WARNING", "module": "run", "msg": "Please set a secure ADMIN_PASSWORD in your Render environment variables.", "taskName": null}
{"ts": "2026-04-08T15:54:34Z", "level": "INFO", "module": "run", "msg": "\ud83d\ude80 Starting Quishing Guard API v2 locally on port 5000", "taskName": null}
{"ts": "2026-04-08T15:54:34Z", "level": "INFO", "module": "run", "msg": "\ud83d\udee0\ufe0f Debug mode: False", "taskName": null}
{"ts": "2026-04-08T15:55:15Z", "level": "INFO", "module": "__init__", "msg": "Quishing Guard app created", "taskName": null}
{"ts": "2026-04-08T15:55:15Z", "level": "INFO", "module": "run", "msg": "\ud83d\udee0\ufe0f Checking database tables...", "taskName": null}
{"ts": "2026-04-08T15:55:15Z", "level": "INFO", "module": "run", "msg": "\ud83c\udf31 Seeding database with built-in reputation lists...", "taskName": null}
{"ts": "2026-04-08T15:55:15Z", "level": "INFO", "module": "run", "msg": "\u2705 Database seeded successfully.", "taskName": null}
{"ts": "2026-04-08T15:55:15Z", "level": "WARNING", "module": "run", "msg": "\u274c SECURITY ALERT: ADMIN_PASSWORD is set to default!", "taskName": null}
{"ts": "2026-04-08T15:55:15Z", "level": "WARNING", "module": "run", "msg": "Please set a secure ADMIN_PASSWORD in your Render environment variables.", "taskName": null}
{"ts": "2026-04-08T15:55:15Z", "level": "INFO", "module": "run", "msg": "\ud83d\ude80 Starting Quishing Guard API v2 locally on port 5000", "taskName": null}
{"ts": "2026-04-08T15:55:15Z", "level": "INFO", "module": "run", "msg": "\ud83d\udee0\ufe0f Debug mode: False", "taskName": null}
